<?xml version="1.0" encoding="UTF-8"?>
<testng-results ignored="0" total="1" passed="1" failed="0" skipped="0">
  <reporter-output>
  </reporter-output>
  <suite started-at="2023-02-25T12:16:50 IST" name="Default suite" finished-at="2023-02-25T12:17:02 IST" duration-ms="12533">
    <groups>
    </groups>
    <test started-at="2023-02-25T12:16:50 IST" name="Default test" finished-at="2023-02-25T12:17:02 IST" duration-ms="12533">
      <class name="testcases.SignupTest">
        <test-method is-config="true" signature="startup()[pri:0, instance:testcases.SignupTest@4567f35d]" started-at="2023-02-25T12:16:50 IST" name="startup" finished-at="2023-02-25T12:16:56 IST" duration-ms="6141" status="PASS">
          <reporter-output>
          </reporter-output>
        </test-method> <!-- startup -->
        <test-method signature="Signup()[pri:0, instance:testcases.SignupTest@4567f35d]" started-at="2023-02-25T12:16:56 IST" name="Signup" finished-at="2023-02-25T12:17:02 IST" duration-ms="6124" status="PASS">
          <reporter-output>
          </reporter-output>
        </test-method> <!-- Signup -->
        <test-method is-config="true" signature="closeup()[pri:0, instance:testcases.SignupTest@4567f35d]" started-at="2023-02-25T12:17:02 IST" name="closeup" finished-at="2023-02-25T12:17:02 IST" duration-ms="213" status="PASS">
          <reporter-output>
          </reporter-output>
        </test-method> <!-- closeup -->
      </class> <!-- testcases.SignupTest -->
    </test> <!-- Default test -->
  </suite> <!-- Default suite -->
</testng-results>
